2023-07-06 15:23:31,762 INFO o.a.j.u.JMeterUtils: Setting Locale to en_EN
2023-07-06 15:23:31,794 INFO o.a.j.JMeter: Loading user properties from: user.properties
2023-07-06 15:23:31,795 INFO o.a.j.JMeter: Loading system properties from: system.properties
2023-07-06 15:23:31,804 INFO o.a.j.JMeter: Copyright (c) 1998-2022 The Apache Software Foundation
2023-07-06 15:23:31,804 INFO o.a.j.JMeter: Version 5.5
2023-07-06 15:23:31,804 INFO o.a.j.JMeter: java.version=11.0.15.1
2023-07-06 15:23:31,804 INFO o.a.j.JMeter: java.vm.name=Java HotSpot(TM) 64-Bit Server VM
2023-07-06 15:23:31,804 INFO o.a.j.JMeter: os.name=Windows 10
2023-07-06 15:23:31,804 INFO o.a.j.JMeter: os.arch=amd64
2023-07-06 15:23:31,804 INFO o.a.j.JMeter: os.version=10.0
2023-07-06 15:23:31,805 INFO o.a.j.JMeter: file.encoding=Cp1252
2023-07-06 15:23:31,805 INFO o.a.j.JMeter: java.awt.headless=true
2023-07-06 15:23:31,805 INFO o.a.j.JMeter: Max memory     =1073741824
2023-07-06 15:23:31,805 INFO o.a.j.JMeter: Available Processors =16
2023-07-06 15:23:31,817 INFO o.a.j.JMeter: Default Locale=English (EN)
2023-07-06 15:23:31,817 INFO o.a.j.JMeter: JMeter  Locale=English (EN)
2023-07-06 15:23:31,817 INFO o.a.j.JMeter: JMeterHome=C:\Users\ankitsingh3\Downloads\apache-jmeter-5.5
2023-07-06 15:23:31,818 INFO o.a.j.JMeter: user.dir  =C:\Users\ankitsingh3\Downloads\apache-jmeter-5.5\bin
2023-07-06 15:23:31,818 INFO o.a.j.JMeter: PWD       =C:\Users\ankitsingh3\Downloads\apache-jmeter-5.5\bin
2023-07-06 15:23:31,820 INFO o.a.j.JMeter: IP: 10.164.75.215 Name: INBENANKITSINGH FullName: INBENANKITSINGH.atrapa.deloitte.com
2023-07-06 15:23:31,839 INFO o.a.j.JMeter: Setting property 'jmeter.reportgenerator.outputdir' to:'C:\Users\ankitsingh3\Downloads\apache-jmeter-5.5\bin\demorr'
2023-07-06 15:23:31,844 INFO o.a.j.s.FileServer: Default base='C:\Users\ankitsingh3\Downloads\apache-jmeter-5.5\bin'
2023-07-06 15:23:31,845 INFO o.a.j.s.FileServer: Set new base='C:\Users\ankitsingh3\Downloads\apache-jmeter-5.5\bin'
2023-07-06 15:23:32,054 INFO o.a.j.s.SaveService: Testplan (JMX) version: 2.2. Testlog (JTL) version: 2.2
2023-07-06 15:23:32,077 INFO o.a.j.s.SaveService: Using SaveService properties version 5.0
2023-07-06 15:23:32,081 INFO o.a.j.s.SaveService: Using SaveService properties file encoding UTF-8
2023-07-06 15:23:32,084 INFO o.a.j.s.SaveService: Loading file: C:\Users\ankitsingh3\Downloads\apache-jmeter-5.5\bin\NVPC_makeDonation.jmx
2023-07-06 15:23:32,139 INFO o.a.j.p.h.s.HTTPSamplerBase: Parser for text/html is org.apache.jmeter.protocol.http.parser.LagartoBasedHtmlParser
2023-07-06 15:23:32,140 INFO o.a.j.p.h.s.HTTPSamplerBase: Parser for application/xhtml+xml is org.apache.jmeter.protocol.http.parser.LagartoBasedHtmlParser
2023-07-06 15:23:32,140 INFO o.a.j.p.h.s.HTTPSamplerBase: Parser for application/xml is org.apache.jmeter.protocol.http.parser.LagartoBasedHtmlParser
2023-07-06 15:23:32,140 INFO o.a.j.p.h.s.HTTPSamplerBase: Parser for text/xml is org.apache.jmeter.protocol.http.parser.LagartoBasedHtmlParser
2023-07-06 15:23:32,140 INFO o.a.j.p.h.s.HTTPSamplerBase: Parser for text/vnd.wap.wml is org.apache.jmeter.protocol.http.parser.RegexpHTMLParser
2023-07-06 15:23:32,140 INFO o.a.j.p.h.s.HTTPSamplerBase: Parser for text/css is org.apache.jmeter.protocol.http.parser.CssParser
2023-07-06 15:23:33,145 INFO o.a.j.e.KeyToolUtils: keytool found at 'keytool'
2023-07-06 15:23:33,146 INFO o.a.j.p.h.p.ProxyControl: HTTP(S) Test Script Recorder SSL Proxy will use keys that support embedded 3rd party resources in file C:\Users\ankitsingh3\Downloads\apache-jmeter-5.5\bin\proxyserver.jks
2023-07-06 15:23:33,234 INFO o.a.j.JMeter: Creating summariser <summary>
2023-07-06 15:23:33,244 INFO o.a.j.r.d.ReportGenerator: ReportGenerator will use for Parsing the separator: ','
2023-07-06 15:23:33,245 INFO o.a.j.r.d.ReportGenerator: Will generate report at end of test from  results file: demores1.jtl
2023-07-06 15:23:33,245 INFO o.a.j.r.d.ReportGenerator: Reading report generator properties from: C:\Users\ankitsingh3\Downloads\apache-jmeter-5.5\bin\reportgenerator.properties
2023-07-06 15:23:33,248 INFO o.a.j.r.d.ReportGenerator: Merging with JMeter properties
2023-07-06 15:23:33,258 INFO o.a.j.r.c.ReportGeneratorConfiguration: Property 'jmeter.reportgenerator.temp_dir' not found, using default value 'temp' instead.
2023-07-06 15:23:33,262 INFO o.a.j.r.c.ReportGeneratorConfiguration: Property 'jmeter.reportgenerator.apdex_per_transaction' not found, using default value 'null' instead.
2023-07-06 15:23:33,262 INFO o.a.j.r.c.ReportGeneratorConfiguration: apdex_per_transaction is empty, not APDEX per transaction customization
2023-07-06 15:23:33,263 INFO o.a.j.r.c.ReportGeneratorConfiguration: Property 'jmeter.reportgenerator.sample_filter' not found, using default value 'null' instead.
2023-07-06 15:23:33,263 INFO o.a.j.r.c.ReportGeneratorConfiguration: Property 'jmeter.reportgenerator.report_title' not found, using default value 'null' instead.
2023-07-06 15:23:33,263 INFO o.a.j.r.c.ReportGeneratorConfiguration: Property 'jmeter.reportgenerator.start_date' not found, using default value 'null' instead.
2023-07-06 15:23:33,263 INFO o.a.j.r.c.ReportGeneratorConfiguration: Property 'jmeter.reportgenerator.end_date' not found, using default value 'null' instead.
2023-07-06 15:23:33,263 INFO o.a.j.r.c.ReportGeneratorConfiguration: Property 'jmeter.reportgenerator.date_format' not found, using default value 'null' instead.
2023-07-06 15:23:33,264 INFO o.a.j.r.c.ReportGeneratorConfiguration: Will use date range start date: null, end date: null
2023-07-06 15:23:33,271 INFO o.a.j.r.c.ReportGeneratorConfiguration: Property 'jmeter.reportgenerator.graph.totalTPS.exclude_controllers' not found, using default value 'false' instead.
2023-07-06 15:23:33,271 INFO o.a.j.r.c.ReportGeneratorConfiguration: Property 'jmeter.reportgenerator.graph.activeThreadsOverTime.exclude_controllers' not found, using default value 'false' instead.
2023-07-06 15:23:33,271 INFO o.a.j.r.c.ReportGeneratorConfiguration: Property 'jmeter.reportgenerator.graph.timeVsThreads.exclude_controllers' not found, using default value 'false' instead.
2023-07-06 15:23:33,271 INFO o.a.j.r.c.ReportGeneratorConfiguration: Property 'jmeter.reportgenerator.graph.responseTimeDistribution.exclude_controllers' not found, using default value 'false' instead.
2023-07-06 15:23:33,271 INFO o.a.j.r.c.ReportGeneratorConfiguration: Property 'jmeter.reportgenerator.graph.transactionsPerSecond.exclude_controllers' not found, using default value 'false' instead.
2023-07-06 15:23:33,272 INFO o.a.j.r.c.ReportGeneratorConfiguration: Property 'jmeter.reportgenerator.graph.responseTimePercentiles.exclude_controllers' not found, using default value 'false' instead.
2023-07-06 15:23:33,272 INFO o.a.j.r.c.ReportGeneratorConfiguration: Property 'jmeter.reportgenerator.graph.responseTimePercentilesOverTime.exclude_controllers' not found, using default value 'false' instead.
2023-07-06 15:23:33,272 INFO o.a.j.r.c.ReportGeneratorConfiguration: Property 'jmeter.reportgenerator.graph.responseTimesOverTime.exclude_controllers' not found, using default value 'false' instead.
2023-07-06 15:23:33,273 INFO o.a.j.r.c.ReportGeneratorConfiguration: Property 'jmeter.reportgenerator.graph.connectTimeOverTime.exclude_controllers' not found, using default value 'false' instead.
2023-07-06 15:23:33,273 INFO o.a.j.r.c.ReportGeneratorConfiguration: Property 'jmeter.reportgenerator.graph.latenciesOverTime.exclude_controllers' not found, using default value 'false' instead.
2023-07-06 15:23:33,274 INFO o.a.j.r.c.ReportGeneratorConfiguration: Property 'jmeter.reportgenerator.exporter.json.filters_only_sample_series' not found, using default value 'true' instead.
2023-07-06 15:23:33,274 INFO o.a.j.r.c.ReportGeneratorConfiguration: Property 'jmeter.reportgenerator.exporter.json.series_filter' not found, using default value '' instead.
2023-07-06 15:23:33,275 INFO o.a.j.r.c.ReportGeneratorConfiguration: Property 'jmeter.reportgenerator.exporter.json.show_controllers_only' not found, using default value 'false' instead.
2023-07-06 15:23:33,275 INFO o.a.j.r.c.ReportGeneratorConfiguration: Property 'jmeter.reportgenerator.exporter.html.filters_only_sample_series' not found, using default value 'true' instead.
2023-07-06 15:23:33,275 INFO o.a.j.r.c.ReportGeneratorConfiguration: Property 'jmeter.reportgenerator.exporter.html.series_filter' not found, using default value '' instead.
2023-07-06 15:23:33,276 INFO o.a.j.r.c.ReportGeneratorConfiguration: Property 'jmeter.reportgenerator.exporter.html.show_controllers_only' not found, using default value 'false' instead.
2023-07-06 15:23:33,292 INFO o.a.j.e.StandardJMeterEngine: Running the test!
2023-07-06 15:23:33,293 INFO o.a.j.s.SampleEvent: List of sample_variables: []
2023-07-06 15:23:33,293 INFO o.a.j.s.SampleEvent: List of sample_variables: []
2023-07-06 15:23:33,302 INFO o.a.j.e.u.CompoundVariable: Note: Function class names must contain the string: '.functions.'
2023-07-06 15:23:33,302 INFO o.a.j.e.u.CompoundVariable: Note: Function class names must not contain the string: '.gui.'
2023-07-06 15:23:33,682 INFO o.a.j.JMeter: Running test (1688637213682)
2023-07-06 15:23:33,711 INFO o.a.j.e.StandardJMeterEngine: Starting ThreadGroup: 1 : Thread Group
2023-07-06 15:23:33,712 INFO o.a.j.e.StandardJMeterEngine: Starting 1 threads for group Thread Group.
2023-07-06 15:23:33,712 INFO o.a.j.e.StandardJMeterEngine: Thread will continue on error
2023-07-06 15:23:33,712 INFO o.a.j.t.ThreadGroup: Starting thread group... number=1 threads=1 ramp-up=1 delayedStart=false
2023-07-06 15:23:33,727 INFO o.a.j.t.ThreadGroup: Started thread group number 1
2023-07-06 15:23:33,727 INFO o.a.j.e.StandardJMeterEngine: All thread groups have been started
2023-07-06 15:23:33,733 INFO o.a.j.s.SampleResult: Note: Sample TimeStamps are START times
2023-07-06 15:23:33,733 INFO o.a.j.s.SampleResult: sampleresult.default.encoding is set to ISO-8859-1
2023-07-06 15:23:33,733 INFO o.a.j.s.SampleResult: sampleresult.useNanoTime=true
2023-07-06 15:23:33,733 INFO o.a.j.s.SampleResult: sampleresult.nanoThreadSleep=5000
2023-07-06 15:23:33,745 INFO o.a.j.t.JMeterThread: Thread started: Thread Group 1-1
2023-07-06 15:23:33,777 INFO o.a.j.p.h.s.HTTPHCAbstractImpl: Local host = INBENANKITSINGH
2023-07-06 15:23:33,786 INFO o.a.j.p.h.s.HTTPHC4Impl: HTTP request retry count = 0
2023-07-06 15:23:34,045 INFO o.a.j.p.h.s.h.LazyLayeredConnectionSocketFactory: Setting up HTTPS TrustAll Socket Factory
2023-07-06 15:23:34,052 INFO o.a.j.u.JsseSSLManager: Using default SSL protocol: TLS
2023-07-06 15:23:34,053 INFO o.a.j.u.JsseSSLManager: SSL session context: per-thread
2023-07-06 15:23:34,249 INFO o.a.j.u.SSLManager: JmeterKeyStore Location:  type JKS
2023-07-06 15:23:34,256 INFO o.a.j.u.SSLManager: KeyStore created OK
2023-07-06 15:23:34,256 WARN o.a.j.u.SSLManager: Keystore file not found, loading empty keystore
2023-07-06 15:24:29,854 INFO o.a.j.t.JMeterThread: Thread is done: Thread Group 1-1
2023-07-06 15:24:29,855 INFO o.a.j.t.JMeterThread: Thread finished: Thread Group 1-1
2023-07-06 15:24:29,863 INFO o.a.j.e.StandardJMeterEngine: Notifying test listeners of end of test
2023-07-06 15:24:29,868 INFO o.a.j.r.Summariser: summary =      1 in 00:00:56 =    0.0/s Avg:     3 Min:     3 Max:     3 Err:     0 (0.00%)
2023-07-06 15:24:29,870 INFO o.a.j.JMeter: Generating Dashboard
2023-07-06 15:24:29,871 INFO o.a.j.r.d.ReportGenerator: Flushing result collector before report Generation
2023-07-06 15:24:29,946 INFO o.a.j.r.p.NormalizerSampleConsumer: Using format, 'ms', to parse timeStamp field
2023-07-06 15:24:30,110 INFO o.a.j.r.p.AbstractSampleConsumer: class org.apache.jmeter.report.processor.AggregateConsumer#stopProducing(): beginDate produced 0 samples
2023-07-06 15:24:30,110 INFO o.a.j.r.p.AbstractSampleConsumer: class org.apache.jmeter.report.processor.AggregateConsumer#stopProducing(): endDate produced 0 samples
2023-07-06 15:24:30,115 INFO o.a.j.r.p.AbstractSampleConsumer: class org.apache.jmeter.report.processor.ApdexSummaryConsumer#stopProducing(): apdexSummary produced 0 samples
2023-07-06 15:24:30,115 INFO o.a.j.r.p.AbstractSampleConsumer: class org.apache.jmeter.report.processor.RequestsSummaryConsumer#stopProducing(): requestsSummary produced 0 samples
2023-07-06 15:24:30,124 INFO o.a.j.r.p.AbstractSampleConsumer: class org.apache.jmeter.report.processor.StatisticsSummaryConsumer#stopProducing(): statisticsSummary produced 0 samples
2023-07-06 15:24:30,127 INFO o.a.j.r.p.AbstractSampleConsumer: class org.apache.jmeter.report.processor.Top5ErrorsBySamplerConsumer#stopProducing(): top5ErrorsBySampler produced 0 samples
2023-07-06 15:24:30,127 INFO o.a.j.r.p.AbstractSampleConsumer: class org.apache.jmeter.report.processor.ErrorsSummaryConsumer#stopProducing(): errorsSummary produced 0 samples
2023-07-06 15:24:30,127 INFO o.a.j.r.p.AbstractSampleConsumer: class org.apache.jmeter.report.processor.graph.impl.HitsPerSecondGraphConsumer#stopProducing(): hitsPerSecond produced 0 samples
2023-07-06 15:24:30,154 INFO o.a.j.r.p.AbstractSampleConsumer: class org.apache.jmeter.report.processor.graph.impl.LatencyVSRequestGraphConsumer#stopProducing(): latencyVsRequest produced 0 samples
2023-07-06 15:24:30,155 INFO o.a.j.r.p.AbstractSampleConsumer: class org.apache.jmeter.report.processor.graph.impl.SyntheticResponseTimeDistributionGraphConsumer#stopProducing(): syntheticResponseTimeDistribution produced 0 samples
2023-07-06 15:24:30,155 INFO o.a.j.r.p.AbstractSampleConsumer: class org.apache.jmeter.report.processor.graph.impl.BytesThroughputGraphConsumer#stopProducing(): bytesThroughputOverTime produced 0 samples
2023-07-06 15:24:30,156 INFO o.a.j.r.p.AbstractSampleConsumer: class org.apache.jmeter.report.processor.graph.impl.CodesPerSecondGraphConsumer#stopProducing(): codesPerSecond produced 0 samples
2023-07-06 15:24:30,169 INFO o.a.j.r.p.AbstractSampleConsumer: class org.apache.jmeter.report.processor.graph.impl.ResponseTimeVSRequestGraphConsumer#stopProducing(): responseTimeVsRequest produced 0 samples
2023-07-06 15:24:30,170 INFO o.a.j.r.p.AbstractSampleConsumer: class org.apache.jmeter.report.processor.FilterConsumer#stopProducing(): startIntervalControlerFilter produced 1596 samples
2023-07-06 15:24:30,170 INFO o.a.j.r.p.AbstractSampleConsumer: class org.apache.jmeter.report.processor.graph.impl.TotalTPSGraphConsumer#stopProducing(): totalTPS produced 0 samples
2023-07-06 15:24:30,171 INFO o.a.j.r.p.AbstractSampleConsumer: class org.apache.jmeter.report.processor.graph.impl.ActiveThreadsGraphConsumer#stopProducing(): activeThreadsOverTime produced 0 samples
2023-07-06 15:24:30,171 INFO o.a.j.r.p.AbstractSampleConsumer: class org.apache.jmeter.report.processor.graph.impl.TimeVSThreadGraphConsumer#stopProducing(): timeVsThreads produced 0 samples
2023-07-06 15:24:30,187 INFO o.a.j.r.p.AbstractSampleConsumer: class org.apache.jmeter.report.processor.graph.impl.ResponseTimeDistributionGraphConsumer#stopProducing(): responseTimeDistribution produced 0 samples
2023-07-06 15:24:30,189 INFO o.a.j.r.p.AbstractSampleConsumer: class org.apache.jmeter.report.processor.graph.impl.TransactionsPerSecondGraphConsumer#stopProducing(): transactionsPerSecond produced 0 samples
2023-07-06 15:24:30,190 INFO o.a.j.r.p.AbstractSampleConsumer: class org.apache.jmeter.report.processor.graph.impl.ResponseTimePercentilesGraphConsumer#stopProducing(): responseTimePercentiles produced 0 samples
2023-07-06 15:24:30,209 INFO o.a.j.r.p.AbstractSampleConsumer: class org.apache.jmeter.report.processor.graph.impl.ResponseTimePercentilesOverTimeGraphConsumer#stopProducing(): responseTimePercentilesOverTime produced 0 samples
2023-07-06 15:24:30,209 INFO o.a.j.r.p.AbstractSampleConsumer: class org.apache.jmeter.report.processor.graph.impl.ResponseTimeOverTimeGraphConsumer#stopProducing(): responseTimesOverTime produced 0 samples
2023-07-06 15:24:30,211 INFO o.a.j.r.p.AbstractSampleConsumer: class org.apache.jmeter.report.processor.graph.impl.ConnectTimeOverTimeGraphConsumer#stopProducing(): connectTimeOverTime produced 0 samples
2023-07-06 15:24:30,213 INFO o.a.j.r.p.AbstractSampleConsumer: class org.apache.jmeter.report.processor.graph.impl.LatencyOverTimeGraphConsumer#stopProducing(): latenciesOverTime produced 0 samples
2023-07-06 15:24:30,214 INFO o.a.j.r.p.AbstractSampleConsumer: class org.apache.jmeter.report.processor.FilterConsumer#stopProducing(): nameFilter produced 3495 samples
2023-07-06 15:24:30,215 INFO o.a.j.r.p.AbstractSampleConsumer: class org.apache.jmeter.report.processor.FilterConsumer#stopProducing(): dateRangeFilter produced 699 samples
2023-07-06 15:24:30,215 INFO o.a.j.r.p.AbstractSampleConsumer: class org.apache.jmeter.report.processor.NormalizerSampleConsumer#stopProducing(): normalizer produced 233 samples
2023-07-06 15:24:30,216 INFO o.a.j.r.p.CsvFileSampleSource: produce(): 233 samples produced in 228ms on channel 0
2023-07-06 15:24:30,216 INFO o.a.j.r.d.ReportGenerator: Exporting data using exporter:'json' of className:'org.apache.jmeter.report.dashboard.JsonExporter'
2023-07-06 15:24:30,428 INFO o.a.j.r.d.JsonExporter: Found data for consumer statisticsSummary in context
2023-07-06 15:24:30,428 INFO o.a.j.r.d.JsonExporter: Creating statistics for overall
2023-07-06 15:24:30,429 INFO o.a.j.r.d.JsonExporter: Creating statistics for other transactions
2023-07-06 15:24:30,432 INFO o.a.j.r.d.JsonExporter: Checking output folder
2023-07-06 15:24:30,434 INFO o.a.j.r.d.JsonExporter: Writing statistics JSON to C:\Users\ankitsingh3\Downloads\apache-jmeter-5.5\bin\demorr\statistics.json
2023-07-06 15:24:30,599 INFO o.a.j.r.d.ReportGenerator: Exporting data using exporter:'html' of className:'org.apache.jmeter.report.dashboard.HtmlTemplateExporter'
2023-07-06 15:24:30,605 INFO o.a.j.r.d.HtmlTemplateExporter: Will generate dashboard in folder: C:\Users\ankitsingh3\Downloads\apache-jmeter-5.5\bin\demorr
2023-07-06 15:24:31,062 INFO o.a.j.r.d.HtmlTemplateExporter: Report will be generated in: C:\Users\ankitsingh3\Downloads\apache-jmeter-5.5\bin\demorr, creating folder structure
2023-07-06 15:24:31,068 INFO o.a.j.r.d.TemplateVisitor: Copying folder from 'C:\Users\ankitsingh3\Downloads\apache-jmeter-5.5\bin\report-template' to 'C:\Users\ankitsingh3\Downloads\apache-jmeter-5.5\bin\demorr', got message: C:\Users\ankitsingh3\Downloads\apache-jmeter-5.5\bin\demorr, found non empty folder with following content [C:\Users\ankitsingh3\Downloads\apache-jmeter-5.5\bin\demorr\statistics.json], will be ignored
2023-07-06 15:24:32,332 INFO o.a.j.JMeter: Dashboard generated
